;;; 
Export: Release 11.2.0.1.0 - Production on Mon Mar 10 21:13:45 2014

Copyright (c) 1982, 2009, Oracle and/or its affiliates.  All rights reserved.
;;; 
Connected to: Oracle Database 11g Enterprise Edition Release 11.2.0.1.0 - Production
With the Partitioning, OLAP, Data Mining and Real Application Testing options
Starting "CDL_APPRAISAL"."SYS_EXPORT_SCHEMA_01":  cdl_appraisal/******** DIRECTORY=cdl_appraisal DUMPFILE=cdl_appraisal_schema1.dmp logfile=cdl_appraisal_log.log SCHEMAS=cdl_appraisal reuse_dumpfiles=true 
Estimate in progress using BLOCKS method...
Processing object type SCHEMA_EXPORT/TABLE/TABLE_DATA
Total estimation using BLOCKS method: 832 KB
Processing object type SCHEMA_EXPORT/USER
Processing object type SCHEMA_EXPORT/SYSTEM_GRANT
Processing object type SCHEMA_EXPORT/ROLE_GRANT
Processing object type SCHEMA_EXPORT/DEFAULT_ROLE
Processing object type SCHEMA_EXPORT/PRE_SCHEMA/PROCACT_SCHEMA
Processing object type SCHEMA_EXPORT/SEQUENCE/SEQUENCE
Processing object type SCHEMA_EXPORT/TABLE/TABLE
Processing object type SCHEMA_EXPORT/TABLE/INDEX/INDEX
Processing object type SCHEMA_EXPORT/TABLE/CONSTRAINT/CONSTRAINT
Processing object type SCHEMA_EXPORT/TABLE/INDEX/STATISTICS/INDEX_STATISTICS
Processing object type SCHEMA_EXPORT/TABLE/COMMENT
Processing object type SCHEMA_EXPORT/PACKAGE/PACKAGE_SPEC
Processing object type SCHEMA_EXPORT/PACKAGE/COMPILE_PACKAGE/PACKAGE_SPEC/ALTER_PACKAGE_SPEC
Processing object type SCHEMA_EXPORT/PACKAGE/PACKAGE_BODY
Processing object type SCHEMA_EXPORT/TABLE/CONSTRAINT/REF_CONSTRAINT
Processing object type SCHEMA_EXPORT/TABLE/STATISTICS/TABLE_STATISTICS
. . exported "CDL_APPRAISAL"."APPRAISAL_AUDIT"           20.42 KB     123 rows
. . exported "CDL_APPRAISAL"."BC_DIM_DETAILS"            6.843 KB       6 rows
. . exported "CDL_APPRAISAL"."BC_GOAL_SETTINGS_SETUP"     8.25 KB       7 rows
. . exported "CDL_APPRAISAL"."DEPARTMENT_SETUP"          8.617 KB      17 rows
. . exported "CDL_APPRAISAL"."EMPLOYEE_SETUP"            22.12 KB     118 rows
. . exported "CDL_APPRAISAL"."GROUP_DEPTAL_KPI"          11.59 KB      42 rows
. . exported "CDL_APPRAISAL"."JOB_DISCRIPTION_SETUP"     30.42 KB       5 rows
. . exported "CDL_APPRAISAL"."KPI_SETUP"                 9.664 KB       9 rows
. . exported "CDL_APPRAISAL"."KPI_TEMPLATE"              20.34 KB      24 rows
. . exported "CDL_APPRAISAL"."POSITION_SETUP"            10.17 KB      42 rows
. . exported "CDL_APPRAISAL"."PR_GOAL_SETTINGS"          8.203 KB       4 rows
. . exported "CDL_APPRAISAL"."SUPERVISEES"               5.898 KB       7 rows
. . exported "CDL_APPRAISAL"."USER_SETUP"                10.85 KB       2 rows
. . exported "CDL_APPRAISAL"."BC_GOAL_SETTINGS"              0 KB       0 rows
. . exported "CDL_APPRAISAL"."EMAIL_SETUP"                   0 KB       0 rows
. . exported "CDL_APPRAISAL"."PR_AF_KPI_DETAILS"             0 KB       0 rows
. . exported "CDL_APPRAISAL"."PR_AF_KPI_TOTAL"               0 KB       0 rows
. . exported "CDL_APPRAISAL"."PR_APPRAISAL_FORM"             0 KB       0 rows
. . exported "CDL_APPRAISAL"."PR_GS_KPI_DETAILS"             0 KB       0 rows
. . exported "CDL_APPRAISAL"."PR_GS_KPI_TOTAL"               0 KB       0 rows
Master table "CDL_APPRAISAL"."SYS_EXPORT_SCHEMA_01" successfully loaded/unloaded
******************************************************************************
Dump file set for CDL_APPRAISAL.SYS_EXPORT_SCHEMA_01 is:
  C:\CDL_APPRAISAL\CDL_APPRAISAL_SCHEMA1.DMP
Job "CDL_APPRAISAL"."SYS_EXPORT_SCHEMA_01" successfully completed at 21:14:48
